app/proguard-project.txt
# To enable ProGuard in your project, edit project.properties
# to define the proguard.config property as described in that file.
#
# Add project specific ProGuard rules here.
# By default, the flags in this file are appended to flags specified
# in ${sdk.dir}/tools/proguard/proguard-android.txt
# You can edit the include path and order by changing the ProGuard
# include property in project.properties.
#
# For more details, see
#   http://developer.android.com/guide/developing/tools/proguard.html

# Add any project specific keep options here:

# If your project uses WebView with JS, uncomment the following
# and specify the fully qualified class name to the JavaScript interface
# class:
#-keepclassmembers class fqcn.of.javascript.interface.for.webview {
#   public *;
#}

#utilcode
-dontwarn com.blankj.utilcode.**
-keepclassmembers class * {
    @com.blankj.utilcode.util.BusUtils$Bus <methods>;
}
-keep public class * extends com.blankj.utilcode.util.ApiUtils$BaseApi
-keep,allowobfuscation @interface com.blankj.utilcode.util.ApiUtils$Api
-keep @com.blankj.utilcode.util.ApiUtils$Api class *



-dontusemixedcaseclassnames
-dontskipnonpubliclibraryclasses
-dontoptimize
-dontpreverify

#
-verbose
-printmapping proguardMapping.txt
#输出apk包内所有的class的内部结构
-dump dump.txt
#未混淆的类和成员
-printseeds seeds.txt
#列出从apk中删除的代码
-printusage unused.txt


-keepattributes *Annotation*
-keep public class com.google.vending.licensing.ILicensingService
-keep public class com.android.vending.licensing.ILicensingService

# For native methods, see http://proguard.sourceforge.net/manual/examples.html#native
-keepclasseswithmembernames class * {
    native <methods>;
}

# keep setters in Views so that animations can still work.
# see http://proguard.sourceforge.net/manual/examples.html#beans
-keepclassmembers public class * extends android.view.View {
   void set*(***);
   *** get*();
}

# We want to keep methods in Activity that could be used in the XML attribute onClick
-keepclassmembers class * extends android.app.Activity {
   public void *(android.view.View);
}

# For enumeration classes, see http://proguard.sourceforge.net/manual/examples.html#enumerations
-keepclassmembers enum * {
    public static **[] values();
    public static ** valueOf(java.lang.String);
}

-keep class * implements android.os.Parcelable {
  public static final android.os.Parcelable$Creator *;
}

-keepclassmembers class **.R$* {
    public static <fields>;
}

# The support library contains references to newer platform versions.
# Don't warn about those in case this app is linking against an older
# platform version.  We know about them, and they are safe.
-dontwarn android.support.**

-ignorewarnings
-dontoptimize
-dontobfuscate
-dontskipnonpubliclibraryclasses

-ignorewarnings

-renamesourcefileattribute SourceFile

-keepattributes SourceFile,LineNumberTable,*Annotation*



-keepnames class *

-keepclassmembers enum * { public static **[] values(); public static ** valueOf(java.lang.String); }

-keep public class * extends android.app.Activity
-keep public class * extends android.app.Application
-keep public class * extends android.app.Service
-keep public class * extends android.content.BroadcastReceiver
-keep public class * extends android.content.ContentProvider
-keep public class * extends android.view.View { public <init>(android.content.Context); public <init>(android.content.Context, android.util.AttributeSet); public <init>(android.content.Context, android.util.AttributeSet, int); public void set*(...); }

-keepclassmembers class * extends android.app.Activity { public void *(android.view.View); }
-keepclassmembers class android.support.v4.app.Fragment { *** getActivity(); public *** onCreate(); public *** onCreateOptionsMenu(...); }
# support v7
-dontwarn android.support.v7.**
-keep class android.support.v7.** { *; }
-keep interface android.support.v7.** { *; }
# support design
-dontwarn android.support.design.**
-keep class android.support.design.** { *; }
-keep interface android.support.design.** { *; }
-keep public class android.support.design.R$* { *; }

-keepclassmembers class com.google.** {
    private void finalizeReferent();
    protected void finalizeReferent();
    public void finalizeReferent();
    void finalizeReferent();

    private *** startFinalizer(java.lang.Class,java.lang.Object);
    protected *** startFinalizer(java.lang.Class,java.lang.Object);
    public *** startFinalizer(java.lang.Class,java.lang.Object);
    *** startFinalizer(java.lang.Class,java.lang.Object);
}
-dontwarn com.google.**

<<<<<<< HEAD
-keep class com.seafile.seadroid2.**
-keepclassmembers class com.seafile.seadroid2.** { *; }
-keepclassmembers class com.seafile.seadroid2.** { public <init>(...); }
=======
-keep class com.ateneacloud.drive.**
-keepclassmembers class com.ateneacloud.drive.** { *; }
-keepclassmembers class com.ateneacloud.drive.** { public <init>(...); }
>>>>>>> huawei-android-mod-private/feature/ATENEA-CLOUD
-keepclassmembers class * extends com.actionbarsherlock.ActionBarSherlock { public <init>(...); }

-keep class tv.danmaku.ijk.** { *; }
-dontwarn tv.danmaku.ijk.**
-keep class com.shuyu.gsyvideoplayer.** { *; }
-dontwarn com.shuyu.gsyvideoplayer.**