app/seeds.txt
com.seafile.seadroid2.cameraupload.CloudLibrarySelectionFragment
com.seafile.seadroid2.SeafConnection$MonitorCancelledException
com.seafile.seadroid2.gesturelock.LockPatternView
com.seafile.seadroid2.ui.fragment.ActivitiesFragment$LoadEventsTask
com.seafile.seadroid2.sync.settings.repository.coreData.SeafSyncSettingsCoreDataRepository
com.seafile.seadroid2.folderbackup.selectfolder.SelectBackupFolderFragment
com.seafile.seadroid2.ui.activity.BrowserActivity$41$1$1
com.seafile.seadroid2.folderbackup.FolderBackupSelectedPathActivity$3
com.seafile.seadroid2.folderbackup.selectfolder.FileTools
com.seafile.seadroid2.ui.activity.GalleryActivity$3
com.seafile.seadroid2.ui.activity.BrowserActivity$40
com.seafile.seadroid2.ui.fragment.SettingsFragment$22
com.seafile.seadroid2.transfer.TaskState
com.seafile.seadroid2.account.Authenticator
com.seafile.seadroid2.ui.fragment.UploadTaskFragment
com.seafile.seadroid2.util.CrashHandler
com.seafile.seadroid2.gallery.BitmapManager$1
com.seafile.seadroid2.ui.fragment.SettingsFragment$9
com.seafile.seadroid2.fileschooser.FileFooterFragment$2
com.seafile.seadroid2.cameraupload.CloudLibraryAccountAdapter
com.seafile.seadroid2.sync.observers.SeafSyncObserverProtocol
com.seafile.seadroid2.ui.activity.GalleryActivity$LoadPhotosTask
com.seafile.seadroid2.cameraupload.CloudLibrarySelectionFragment$2
com.seafile.seadroid2.ui.fragment.ReposFragment$LoadTask$1
com.seafile.seadroid2.gallery.MultipleImageSelectionActivity$2
com.seafile.seadroid2.ui.fragment.CustomPreferenceFragment$1
com.seafile.seadroid2.transfer.TransferTaskInfo
com.seafile.seadroid2.ui.activity.BrowserActivity$36
com.seafile.seadroid2.sync.settings.database.SeafSyncSettingsRoomDatabase_Impl$1
com.seafile.seadroid2.sync.logs.database.SeafSyncLogDao_Impl$2
com.seafile.seadroid2.ui.activity.ShareToSeafileActivity$3
com.seafile.seadroid2.ui.adapter.ReposAdapter$ViewHolder
com.seafile.seadroid2.folderbackup.FolderBackupEvent
com.seafile.seadroid2.ui.activity.BrowserActivity$23
com.seafile.seadroid2.editor.controller.HeaderController
com.seafile.seadroid2.sync.uploaders.impl.SeafSyncGalleryUploader$2
com.seafile.seadroid2.editor.controller.CodeController
com.seafile.seadroid2.ui.fragment.SettingsFragment$1
com.seafile.seadroid2.ui.fragment.SettingsFragment$RequestAccountInfoTask
com.seafile.seadroid2.ui.fragment.StarredFragment$2
com.seafile.seadroid2.ui.adapter.TransferTaskAdapter
com.seafile.seadroid2.ui.fragment.DatePickerFragment
com.seafile.seadroid2.ui.fragment.CustomPreferenceFragment$OnPreferenceStartFragmentCallback
com.seafile.seadroid2.gallery.ImageManager$DataLocation
com.seafile.seadroid2.ui.dialog.SslConfirmDialog$2
com.seafile.seadroid2.sync.enums.SeafSyncItemType
com.seafile.seadroid2.account.ui.SingleSignOnAuthorizeActivity
com.seafile.seadroid2.account.ui.SeafileAuthenticatorActivity$2
com.seafile.seadroid2.transfer.DownloadTask$1
com.seafile.seadroid2.sync.uploaders.impl.SeafSyncGalleryUploader
com.seafile.seadroid2.ui.dialog.RequestStorageDialog$IRequestStorageDialog
com.seafile.seadroid2.ui.activity.SeafilePathChooserActivity$4
com.seafile.seadroid2.transfer.UploadTaskManager
com.seafile.seadroid2.ui.dialog.TaskDialog
com.seafile.seadroid2.gallery.ImageList
com.seafile.seadroid2.folderbackup.CloudLibraryChooserFragment$1
com.seafile.seadroid2.gallery.ImageLoader$WorkItem
com.seafile.seadroid2.play.exoplayer.ExoVideoPlayerActivity$1
com.seafile.seadroid2.util.GlideRequests
com.seafile.seadroid2.monitor.AutoUpdateManager$2
com.seafile.seadroid2.ui.activity.PrivacyPolicyActivity
com.seafile.seadroid2.sync.settings.database.SeafSyncSettingsDao_Impl$2
com.seafile.seadroid2.ui.activity.MarkdownActivity$1
com.seafile.seadroid2.ui.activity.ShareToSeafileActivity$6
com.seafile.seadroid2.folderbackup.selectfolder.SelectOptions
com.seafile.seadroid2.httputils.RequestManager$2
com.seafile.seadroid2.SeafException
com.seafile.seadroid2.ui.activity.SeafileSyncPathChooserActivity$6
...
com.vladsch.flexmark.html.renderer.LinkResolverContext
androidx.recyclerview.widget.ScrollbarHelper
androidx.appcompat.app.ActionBarDrawerToggle$Delegate
androidx.media3.exoplayer.audio.AudioTrackPositionTracker
androidx.media3.exoplayer.PlayerMessage$Target
com.bumptech.glide.load.resource.gif.GifBitmapProvider
com.yydcdut.markdown.span.MDHorizontalRulesSpan
com.google.gson.internal.Streams
com.blankj.utilcode.util.ToastUtils
com.google.android.material.bottomnavigation.BottomNavigationView$OnNavigationItemReselectedListener
androidx.core.app.JobIntentService$WorkEnqueuer
androidx.localbroadcastmanager.content.LocalBroadcastManager$BroadcastRecord
androidx.cursoradapter.widget.CursorAdapter$ChangeObserver
androidx.core.graphics.PaintCompat
androidx.constraintlayout.motion.utils.ViewTimeCycle$ProgressSet
me.relex.circleindicator.CircleIndicator3
androidx.lifecycle.SavedStateHandleSupport
androidx.appcompat.widget.AppCompatTextView
com.vladsch.flexmark.util.html.LengthTrackingAppendableImpl
com.vladsch.flexmark.html.renderer.CoreNodeRenderer$36
kotlin.ranges.IntProgression
androidx.recyclerview.widget.ConcatAdapter$Config
androidx.activity.result.ActivityResultRegistryOwner
androidx.appcompat.widget.Toolbar$1
com.google.android.material.datepicker.CalendarItemStyle
androidx.activity.result.contract.ActivityResultContracts$RequestMultiplePermissions
com.bumptech.glide.load.model.StringLoader$AssetFileDescriptorFactory
com.google.common.base.NullnessCasts
com.google.android.material.timepicker.ClockHandView
com.bumptech.glide.load.model.ModelLoaderRegistry
com.bumptech.glide.util.ByteBufferUtil
io.reactivex.rxjava3.android.plugins.RxAndroidPlugins
com.bumptech.glide.load.ResourceDecoder
androidx.work.Data
androidx.databinding.ViewDataBinding$4
io.reactivex.rxjava3.schedulers.Schedulers$NewThreadHolder
io.reactivex.rxjava3.internal.schedulers.SchedulerPoolFactory
com.bumptech.glide.load.data.mediastore.ThumbFetcher
com.google.android.material.datepicker.RangeDateSelector$1
androidx.fragment.app.FragmentManager$OnBackStackChangedListener
androidx.core.content.ContextCompat$Api23Impl
org.apache.commons.io.function.IOSupplier
androidx.work.impl.model.WorkProgressDao_Impl
com.google.android.material.textfield.CustomEndIconDelegate
com.vladsch.flexmark.util.Pair
androidx.activity.result.contract.ActivityResultContracts$StartActivityForResult
androidx.media3.extractor.ExtractorOutput
com.google.android.material.button.MaterialButton
com.google.android.material.circularreveal.CircularRevealLinearLayout
com.vladsch.flexmark.ast.AnchorRefTarget
androidx.core.view.ContentInfoCompat$BuilderCompatImpl
com.vladsch.flexmark.ext.abbreviation.AbbreviationExtension$1
androidx.core.view.WindowInsetsAnimationCompat$Impl21$Impl21OnApplyWindowInsetsListener$1
androidx.viewpager.widget.ViewPager$4
com.google.android.material.floatingactionbutton.ExtendedFloatingActionButton$HideStrategy
androidx.media3.exoplayer.source.WrappingMediaSource
com.google.android.material.shape.ShapePath$PathArcOperation
io.reactivex.rxjava3.functions.Supplier
androidx.appcompat.app.AlertController$4
androidx.media3.exoplayer.metadata.MetadataDecoderFactory$1
androidx.core.app.NotificationCompat$BubbleMetadata$Builder
com.cocosw.bottomsheet.BottomSheet$3
androidx.media3.common.FileTypes
androidx.appcompat.widget.TintContextWrapper
com.google.gson.internal.bind.TypeAdapters$19
com.google.android.material.shape.ShapePath$LineShadowOperation
androidx.fragment.app.Fragment$OnPreAttachedListener
com.google.android.material.navigation.NavigationBarPresenter$SavedState$1
androidx.fragment.R$styleable
android.support.v4.media.session.ParcelableVolumeInfo$1
com.google.android.material.snackbar.ContentViewCallback
androidx.savedstate.Recreator$Companion
androidx.work.impl.model.SystemIdInfoDao_Impl
com.bumptech.glide.util.ByteBufferUtil$ByteBufferStream
com.yydcdut.markdown.span.MDURLSpan
androidx.media3.extractor.metadata.id3.ApicFrame$1
androidx.work.WorkRequest$Builder