app/unused.txt
io.reactivex.rxjava3.internal.operators.flowable.FlowableInternalHelper$BufferedTimedReplay
io.reactivex.rxjava3.internal.operators.flowable.FlowableInternalHelper$FlatMapIntoIterable
io.reactivex.rxjava3.internal.operators.flowable.FlowableInternalHelper$FlatMapWithCombinerInner
io.reactivex.rxjava3.internal.operators.flowable.FlowableInternalHelper$FlatMapWithCombinerOuter
io.reactivex.rxjava3.internal.operators.flowable.FlowableInternalHelper$ItemDelayFunction
io.reactivex.rxjava3.internal.operators.flowable.FlowableInternalHelper$ReplaySupplier
io.reactivex.rxjava3.internal.operators.flowable.FlowableInternalHelper$RequestMax
io.reactivex.rxjava3.internal.operators.flowable.FlowableInternalHelper$SimpleBiGenerator
io.reactivex.rxjava3.internal.operators.flowable.FlowableInternalHelper$SimpleGenerator
io.reactivex.rxjava3.internal.operators.flowable.FlowableInternalHelper$SubscriberOnComplete
io.reactivex.rxjava3.internal.operators.flowable.FlowableInternalHelper$SubscriberOnError
io.reactivex.rxjava3.internal.operators.flowable.FlowableInternalHelper$SubscriberOnNext
io.reactivex.rxjava3.internal.operators.flowable.FlowableInternalHelper$TimedReplay
io.reactivex.rxjava3.internal.operators.flowable.FlowableInternalHelper
io.reactivex.rxjava3.internal.operators.flowable.FlowableInterval$IntervalSubscriber
io.reactivex.rxjava3.internal.operators.flowable.FlowableInterval
io.reactivex.rxjava3.internal.operators.flowable.FlowableIntervalRange$IntervalRangeSubscriber
io.reactivex.rxjava3.internal.operators.flowable.FlowableIntervalRange
io.reactivex.rxjava3.internal.operators.flowable.FlowableJoin$JoinSubscription
io.reactivex.rxjava3.internal.operators.flowable.FlowableJoin
io.reactivex.rxjava3.internal.operators.flowable.FlowableJust
io.reactivex.rxjava3.internal.operators.flowable.FlowableLastMaybe$LastSubscriber
io.reactivex.rxjava3.internal.operators.flowable.FlowableLastMaybe
io.reactivex.rxjava3.internal.operators.flowable.FlowableLastSingle$LastSubscriber
io.reactivex.rxjava3.internal.operators.flowable.FlowableLastSingle
io.reactivex.rxjava3.internal.operators.flowable.FlowableLift
io.reactivex.rxjava3.internal.operators.flowable.FlowableMap$MapConditionalSubscriber
io.reactivex.rxjava3.internal.operators.flowable.FlowableMap$MapSubscriber
io.reactivex.rxjava3.internal.operators.flowable.FlowableMap
io.reactivex.rxjava3.internal.operators.flowable.FlowableMapNotification$MapNotificationSubscriber
io.reactivex.rxjava3.internal.operators.flowable.FlowableMapNotification
io.reactivex.rxjava3.internal.operators.flowable.FlowableMapPublisher
io.reactivex.rxjava3.internal.operators.flowable.FlowableMaterialize$MaterializeSubscriber
io.reactivex.rxjava3.internal.operators.flowable.FlowableMaterialize
io.reactivex.rxjava3.internal.operators.flowable.FlowableMergeWithCompletable$MergeWithSubscriber$OtherObserver
io.reactivex.rxjava3.internal.operators.flowable.FlowableMergeWithCompletable$MergeWithSubscriber
io.reactivex.rxjava3.internal.operators.flowable.FlowableMergeWithCompletable
io.reactivex.rxjava3.internal.operators.flowable.FlowableMergeWithMaybe$MergeWithObserver$OtherObserver
io.reactivex.rxjava3.internal.operators.flowable.FlowableMergeWithMaybe$MergeWithObserver
io.reactivex.rxjava3.internal.operators.flowable.FlowableMergeWithMaybe
io.reactivex.rxjava3.internal.operators.flowable.FlowableMergeWithSingle$MergeWithObserver$OtherObserver
io.reactivex.rxjava3.internal.operators.flowable.FlowableMergeWithSingle$MergeWithObserver
io.reactivex.rxjava3.internal.operators.flowable.FlowableMergeWithSingle
io.reactivex.rxjava3.internal.operators.flowable.FlowableNever
io.reactivex.rxjava3.internal.operators.flowable.FlowableObserveOn$BaseObserveOnSubscriber
io.reactivex.rxjava3.internal.operators.flowable.FlowableObserveOn$ObserveOnConditionalSubscriber
io.reactivex.rxjava3.internal.operators.flowable.FlowableObserveOn$ObserveOnSubscriber
io.reactivex.rxjava3.internal.operators.flowable.FlowableObserveOn